<?xml version="1.0" encoding="UTF-8"?>
<!-- Generated by org.testng.reporters.JUnitReportReporter -->
<testsuite hostname="GA1-1027170LT" failures="0" tests="2" name="gitHub.EndToEndTest" time="5.088" errors="0" timestamp="25 Jul 2022 18:06:39 GMT" skipped="0">
  <testcase classname="gitHub.EndToEndTest" name="test1" time="3.620"/>
  <testcase classname="gitHub.EndToEndTest" name="test2" time="1.468"/>
</testsuite> <!-- gitHub.EndToEndTest -->
