<?xml version="1.0" encoding="UTF-8"?>
<!-- Generated by org.testng.reporters.JUnitReportReporter -->
<testsuite hostname="GA1-1027170LT" failures="0" tests="1" name="restAPI.GetRequestWithParams" time="0.090" errors="0" timestamp="25 Jul 2022 17:27:20 GMT" skipped="0">
  <testcase classname="restAPI.GetRequestWithParams" name="Test1" time="0.090"/>
</testsuite> <!-- restAPI.GetRequestWithParams -->
