<?xml version="1.0" encoding="UTF-8"?>
<!-- Generated by org.testng.reporters.JUnitReportReporter -->
<testsuite hostname="GA1-1027170LT" failures="0" tests="1" name="apiChaining.EndToEndTest" time="3.821" errors="0" timestamp="25 Jul 2022 17:28:02 GMT" skipped="0">
  <testcase classname="apiChaining.EndToEndTest" name="test1" time="3.821"/>
</testsuite> <!-- apiChaining.EndToEndTest -->
