<?xml version="1.0" encoding="UTF-8"?>
<!-- Generated by org.testng.reporters.JUnitReportReporter -->
<testsuite hostname="GA1-1027170LT" failures="0" tests="3" name="restBDD.GetRequestBDD" time="5.463" errors="0" timestamp="03 Aug 2022 14:53:37 GMT" skipped="0">
  <testcase classname="restBDD.GetRequestBDD" name="test3" time="0.134"/>
  <testcase classname="restBDD.GetRequestBDD" name="test2" time="1.603"/>
  <testcase classname="restBDD.GetRequestBDD" name="test1" time="3.726"/>
</testsuite> <!-- restBDD.GetRequestBDD -->
