<?xml version="1.0" encoding="UTF-8"?>
<!-- Generated by org.testng.reporters.JUnitReportReporter -->
<testsuite hostname="GA1-1027170LT" failures="0" tests="2" name="restAPIXML.XMLTest" time="4.945" errors="0" timestamp="03 Aug 2022 15:05:31 GMT" skipped="0">
  <testcase classname="restAPIXML.XMLTest" name="test2" time="1.600"/>
  <testcase classname="restAPIXML.XMLTest" name="test1" time="3.345"/>
</testsuite> <!-- restAPIXML.XMLTest -->
