<?xml version="1.0" encoding="UTF-8"?>
<!-- Generated by org.testng.reporters.JUnitReportReporter -->
<testsuite hostname="GA1-1027170LT" failures="0" tests="1" name="restAPI.PostRequestWithMap" time="0.044" errors="0" timestamp="25 Jul 2022 17:27:20 GMT" skipped="0">
  <testcase classname="restAPI.PostRequestWithMap" name="Test1" time="0.044"/>
</testsuite> <!-- restAPI.PostRequestWithMap -->
