<?xml version="1.0" encoding="UTF-8"?>
<!-- Generated by org.testng.reporters.JUnitReportReporter -->
<testsuite hostname="GA1-1027170LT" failures="0" tests="2" name="restAPIXML.XMLTest" time="7.669" errors="0" timestamp="03 Aug 2022 15:41:32 GMT" skipped="0">
  <testcase classname="restAPIXML.XMLTest" name="test1" time="5.145"/>
  <testcase classname="restAPIXML.XMLTest" name="test2" time="2.524"/>
</testsuite> <!-- restAPIXML.XMLTest -->
