<?xml version="1.0" encoding="UTF-8"?>
<!-- Generated by org.testng.reporters.JUnitReportReporter -->
<testsuite hostname="GA1-1027170LT" failures="0" tests="1" name="restBDD.PostRequestBDD" time="2.989" errors="0" timestamp="02 Aug 2022 18:03:47 GMT" skipped="0">
  <testcase classname="restBDD.PostRequestBDD" name="test1" time="2.989"/>
</testsuite> <!-- restBDD.PostRequestBDD -->
