<?xml version="1.0" encoding="UTF-8"?>
<!-- Generated by org.testng.reporters.JUnitReportReporter -->
<testsuite hostname="GA1-1027170LT" failures="0" tests="1" name="restBDD.DeleteRequestBDD" time="2.471" errors="0" timestamp="02 Aug 2022 19:14:40 GMT" skipped="0">
  <testcase classname="restBDD.DeleteRequestBDD" name="test1" time="2.471"/>
</testsuite> <!-- restBDD.DeleteRequestBDD -->
