<?xml version="1.0" encoding="UTF-8"?>
<!-- Generated by org.testng.reporters.JUnitReportReporter -->
<testsuite hostname="GA1-1027170LT" failures="0" tests="1" name="restBDD.PutRequestBDD" time="3.995" errors="0" timestamp="02 Aug 2022 18:07:58 GMT" skipped="0">
  <testcase classname="restBDD.PutRequestBDD" name="test1" time="3.995"/>
</testsuite> <!-- restBDD.PutRequestBDD -->
