<?xml version="1.0" encoding="UTF-8"?>
<!-- Generated by org.testng.reporters.JUnitReportReporter -->
<testsuite skipped="0" hostname="GA1-1027170LT" name="apiChaining.EndToEndTest" tests="1" failures="0" timestamp="25 Jul 2022 17:32:22 GMT" time="3.756" errors="0">
  <testcase name="test1" time="3.756" classname="apiChaining.EndToEndTest"/>
</testsuite> <!-- apiChaining.EndToEndTest -->
